{"level":"info","message":"Starting test sync with 5 bookmarks","timestamp":"2025-02-23T14:20:58.491Z"}
{"error":{"code":"ERR_BAD_REQUEST","config":{"adapter":["xhr","http","fetch"],"baseURL":"https://archive.spektakl.lol/","env":{},"headers":{"Accept":"application/json, text/plain, */*","Accept-Encoding":"gzip, compress, deflate, br","Authorization":"Bearer ak1_4c4e03cb87a5f7e7f58e_ab8b5facec3f6cb358ba","Content-Type":"application/json","User-Agent":"axios/1.7.9"},"maxBodyLength":-1,"maxContentLength":-1,"method":"get","timeout":0,"transformRequest":[null],"transformResponse":[null],"transitional":{"clarifyTimeoutError":false,"forcedJSONParsing":true,"silentJSONParsing":true},"url":"/api/bookmarks?limit=5","xsrfCookieName":"XSRF-TOKEN","xsrfHeaderName":"X-XSRF-TOKEN"},"message":"Request failed with status code 404","name":"AxiosError","stack":"AxiosError: Request failed with status code 404\n    at settle (file:///Users/piotrbutlewski/repos/tana-input-api/node_modules/axios/lib/core/settle.js:19:12)\n    at Unzip.handleStreamEnd (file:///Users/piotrbutlewski/repos/tana-input-api/node_modules/axios/lib/adapters/http.js:599:11)\n    at Unzip.emit (node:events:536:35)\n    at endReadableNT (node:internal/streams/readable:1698:12)\n    at process.processTicksAndRejections (node:internal/process/task_queues:90:21)\n    at Axios.request (file:///Users/piotrbutlewski/repos/tana-input-api/node_modules/axios/lib/core/Axios.js:45:41)\n    at process.processTicksAndRejections (node:internal/process/task_queues:105:5)\n    at async HoarderClient.getAllBookmarks (file:///Users/piotrbutlewski/repos/tana-input-api/dist/HoarderClient.js:65:26)\n    at async BookmarkSyncService.performTestSync (file:///Users/piotrbutlewski/repos/tana-input-api/dist/BookmarkSyncService.js:157:30)\n    at async main (file:///Users/piotrbutlewski/repos/tana-input-api/dist/examples/test-sync.js:24:9)","status":404},"level":"error","message":"Test sync failed","timestamp":"2025-02-23T14:20:58.751Z"}
{"level":"info","message":"Starting test sync with 5 bookmarks","timestamp":"2025-02-23T14:23:35.857Z"}
{"level":"info","message":"Retrieved 5 bookmarks for testing","timestamp":"2025-02-23T14:23:36.389Z"}
{"level":"info","message":"Successfully synced test bookmark r3kv1rft4nmzg9r6jipjbgqd with title \"My Hereticon Talk - Spiritual Technology\"","timestamp":"2025-02-23T14:23:38.455Z"}
{"level":"info","message":"Successfully synced test bookmark pqkg2f1px6njgkqaw2cqulro with title \"The Delirious, Violent, Impossible True Story of the Zizians\"","timestamp":"2025-02-23T14:23:40.493Z"}
{"level":"info","message":"Successfully synced test bookmark z321ud84022p7i2cz5nuh59g with title \"ADDICTIVE SLOP VS. AUTONOMOUS STRATEGY\"","timestamp":"2025-02-23T14:23:42.419Z"}
{"level":"info","message":"Successfully synced test bookmark hmjir4hkflsrcs2v3qcxo85m with title \"Sovereign Intelligence\"","timestamp":"2025-02-23T14:23:44.406Z"}
{"level":"info","message":"Successfully synced test bookmark hw8br07m44x1kbop5ds9cbk7 with title \"AI: The New Aesthetics of Fascism\"","timestamp":"2025-02-23T14:23:46.993Z"}
{"level":"info","message":"Test sync completed","timestamp":"2025-02-23T14:23:46.994Z"}
{"level":"info","message":"Starting test sync with 5 bookmarks","timestamp":"2025-02-23T14:29:21.350Z"}
{"level":"info","message":"Retrieved 5 bookmarks for testing","timestamp":"2025-02-23T14:29:21.760Z"}
{"level":"info","message":"Successfully synced test bookmark r3kv1rft4nmzg9r6jipjbgqd with title \"My Hereticon Talk - Spiritual Technology\"","timestamp":"2025-02-23T14:29:24.038Z"}
{"level":"info","message":"Successfully synced test bookmark pqkg2f1px6njgkqaw2cqulro with title \"The Delirious, Violent, Impossible True Story of the Zizians\"","timestamp":"2025-02-23T14:29:26.186Z"}
{"level":"info","message":"Successfully synced test bookmark z321ud84022p7i2cz5nuh59g with title \"ADDICTIVE SLOP VS. AUTONOMOUS STRATEGY\"","timestamp":"2025-02-23T14:29:28.189Z"}
{"level":"info","message":"Successfully synced test bookmark hmjir4hkflsrcs2v3qcxo85m with title \"Sovereign Intelligence\"","timestamp":"2025-02-23T14:29:30.590Z"}
{"level":"info","message":"Successfully synced test bookmark hw8br07m44x1kbop5ds9cbk7 with title \"AI: The New Aesthetics of Fascism\"","timestamp":"2025-02-23T14:29:33.035Z"}
{"level":"info","message":"Test sync completed","timestamp":"2025-02-23T14:29:33.036Z"}
{"level":"info","message":"Starting test sync with 5 bookmarks","timestamp":"2025-02-23T14:34:34.013Z"}
{"level":"info","message":"Retrieved 5 bookmarks for testing","timestamp":"2025-02-23T14:34:34.454Z"}
{"level":"info","message":"Successfully synced test bookmark r3kv1rft4nmzg9r6jipjbgqd with title \"My Hereticon Talk - Spiritual Technology\"","timestamp":"2025-02-23T14:34:37.179Z"}
{"level":"info","message":"Successfully synced test bookmark pqkg2f1px6njgkqaw2cqulro with title \"The Delirious, Violent, Impossible True Story of the Zizians\"","timestamp":"2025-02-23T14:34:39.653Z"}
{"level":"info","message":"Successfully synced test bookmark z321ud84022p7i2cz5nuh59g with title \"ADDICTIVE SLOP VS. AUTONOMOUS STRATEGY\"","timestamp":"2025-02-23T14:34:41.986Z"}
{"level":"info","message":"Successfully synced test bookmark hmjir4hkflsrcs2v3qcxo85m with title \"Sovereign Intelligence\"","timestamp":"2025-02-23T14:34:44.039Z"}
{"level":"info","message":"Successfully synced test bookmark hw8br07m44x1kbop5ds9cbk7 with title \"AI: The New Aesthetics of Fascism\"","timestamp":"2025-02-23T14:34:46.264Z"}
{"level":"info","message":"Test sync completed","timestamp":"2025-02-23T14:34:46.264Z"}
